# USB FW Update Monitor - 2026-04-10 14:39:06
[14:39:22] Razer USB devices changed:
HID\VID_1532&PID_02CD&MI_00\8&2460FD5A&0&0000
HID\VID_1532&PID_02CD&MI_01&COL03\8&89BF98&0&0002
HID\VID_1532&PID_02CD&MI_00&COL03&COL01\9&271299A7&0&0000
USB\VID_1532&PID_02CD&MI_02\7&2E6D5D1C&2&0002
HID\VID_1532&PID_02CD&MI_00&COL03&COL02\9&271299A7&0&0001
HID\VID_1532&PID_02CD&MI_03\8&B89F1E5&0&0000
USB\VID_1532&PID_02CD&MI_03\7&2E6D5D1C&2&0003
HID\VID_1532&PID_02CD&MI_01&COL04\8&89BF98&0&0003
HID\VID_1532&PID_02CD&MI_01&COL01\8&89BF98&0&0000
RZVIRTUAL\VID_1532&PID_02CD&MI_00&COL03\8&89BF98&0&01
RZCONTROL\VID_1532&PID_02CD&MI_00\9&17F22F&0
USB\VID_1532&PID_02CD\6&1C5F4E19&0&3
HID\VID_1532&PID_02CD&MI_02\8&234D7E2A&0&0000
HID\VID_1532&PID_02CD&MI_01&COL05\8&89BF98&0&0004
USB\VID_1532&PID_02CD&MI_00\7&2E6D5D1C&2&0000
HID\VID_1532&PID_02CD&MI_01&COL02\8&89BF98&0&0001
USB\VID_1532&PID_02CD&MI_01\7&2E6D5D1C&2&0001

[14:39:40] Razer USB devices changed:
USB\VID_1532&PID_110E\6&1C5F4E19&0&3
HID\VID_1532&PID_110E\7&2A39B669&0&0000

[14:40:31] Razer USB devices changed:
USB\VID_1532&PID_02CD&MI_01\7&2E6D5D1C&2&0001

[14:40:33] Razer USB devices changed:
HID\VID_1532&PID_02CD&MI_00\8&2460FD5A&0&0000
HID\VID_1532&PID_02CD&MI_01&COL03\8&89BF98&0&0002
HID\VID_1532&PID_02CD&MI_00&COL03&COL01\9&271299A7&0&0000
USB\VID_1532&PID_02CD&MI_02\7&2E6D5D1C&2&0002
HID\VID_1532&PID_02CD&MI_00&COL03&COL02\9&271299A7&0&0001
HID\VID_1532&PID_02CD&MI_03\8&B89F1E5&0&0000
USB\VID_1532&PID_02CD&MI_03\7&2E6D5D1C&2&0003
HID\VID_1532&PID_02CD&MI_01&COL04\8&89BF98&0&0003
HID\VID_1532&PID_02CD&MI_01&COL01\8&89BF98&0&0000
RZVIRTUAL\VID_1532&PID_02CD&MI_00&COL03\8&89BF98&0&01
RZCONTROL\VID_1532&PID_02CD&MI_00\9&17F22F&0
USB\VID_1532&PID_02CD\6&1C5F4E19&0&3
HID\VID_1532&PID_02CD&MI_02\8&234D7E2A&0&0000
HID\VID_1532&PID_02CD&MI_01&COL05\8&89BF98&0&0004
USB\VID_1532&PID_02CD&MI_00\7&2E6D5D1C&2&0000
HID\VID_1532&PID_02CD&MI_01&COL02\8&89BF98&0&0001
USB\VID_1532&PID_02CD&MI_01\7&2E6D5D1C&2&0001

[14:44:35] Razer USB devices changed:
HID\VID_1532&PID_02CD&MI_00\8&2460FD5A&0&0000
HID\VID_1532&PID_02CD&MI_01&COL03\8&89BF98&0&0002
HID\VID_1532&PID_02CD&MI_00&COL03&COL01\9&271299A7&0&0000
USB\VID_1532&PID_02CD&MI_02\7&2E6D5D1C&2&0002
HID\VID_1532&PID_02CD&MI_00&COL03&COL02\9&271299A7&0&0001
HID\VID_1532&PID_02CD&MI_03\8&B89F1E5&0&0000
USB\VID_1532&PID_02CD&MI_03\7&2E6D5D1C&2&0003
HID\VID_1532&PID_02CD&MI_01&COL04\8&89BF98&0&0003
HID\VID_1532&PID_02CD&MI_01&COL01\8&89BF98&0&0000
RZVIRTUAL\VID_1532&PID_02CD&MI_00&COL03\8&89BF98&0&01

[14:44:39] Razer USB devices changed:


[02:18:49] Razer USB devices changed:
USB\VID_1532&PID_02CD\6&363B4CA8&0&6

[02:18:51] Razer USB devices changed:
HID\VID_1532&PID_02CD&MI_00&COL03&COL02\9&1A4F6649&0&0001
USB\VID_1532&PID_02CD&MI_00\7&34657E4A&0&0000
USB\VID_1532&PID_02CD\6&363B4CA8&0&6
USB\VID_1532&PID_02CD&MI_01\7&34657E4A&0&0001
HID\VID_1532&PID_02CD&MI_03\8&3992AB1&0&0000
RZVIRTUAL\VID_1532&PID_02CD&MI_00&COL03\8&FACDC2E&0&01
USB\VID_1532&PID_02CD&MI_02\7&34657E4A&0&0002
HID\VID_1532&PID_02CD&MI_02\8&27706873&0&0000
HID\VID_1532&PID_02CD&MI_01&COL05\8&FACDC2E&0&0004
HID\VID_1532&PID_02CD&MI_01&COL04\8&FACDC2E&0&0003
HID\VID_1532&PID_02CD&MI_01&COL03\8&FACDC2E&0&0002
HID\VID_1532&PID_02CD&MI_01&COL02\8&FACDC2E&0&0001
HID\VID_1532&PID_02CD&MI_01&COL01\8&FACDC2E&0&0000
USB\VID_1532&PID_02CD&MI_03\7&34657E4A&0&0003
HID\VID_1532&PID_02CD&MI_00\8&338419F0&0&0000
HID\VID_1532&PID_02CD&MI_00&COL03&COL01\9&1A4F6649&0&0000
RZCONTROL\VID_1532&PID_02CD&MI_00\9&BC3753C&0

[02:48:53] Razer USB devices changed:
HID\VID_1532&PID_02CD&MI_00&COL03&COL02\9&1A4F6649&0&0001
USB\VID_1532&PID_02CD&MI_00\7&34657E4A&0&0000
USB\VID_1532&PID_02CD\6&363B4CA8&0&6
USB\VID_1532&PID_02CD&MI_01\7&34657E4A&0&0001
HID\VID_1532&PID_02CD&MI_03\8&3992AB1&0&0000
RZVIRTUAL\VID_1532&PID_02CD&MI_00&COL03\8&FACDC2E&0&01
USB\VID_1532&PID_02CD&MI_02\7&34657E4A&0&0002
HID\VID_1532&PID_02CD&MI_02\8&27706873&0&0000
HID\VID_1532&PID_02CD&MI_01&COL05\8&FACDC2E&0&0004
HID\VID_1532&PID_02CD&MI_01&COL04\8&FACDC2E&0&0003
HID\VID_1532&PID_02CD&MI_01&COL03\8&FACDC2E&0&0002
HID\VID_1532&PID_02CD&MI_01&COL02\8&FACDC2E&0&0001
HID\VID_1532&PID_02CD&MI_01&COL01\8&FACDC2E&0&0000
USB\VID_1532&PID_02CD&MI_03\7&34657E4A&0&0003

[02:48:55] Razer USB devices changed:


[03:01:15] Razer USB devices changed:
HID\VID_1532&PID_02CD&MI_00&COL03&COL02\9&1A4F6649&0&0001
USB\VID_1532&PID_02CD&MI_00\7&34657E4A&0&0000
USB\VID_1532&PID_02CD\6&363B4CA8&0&6
USB\VID_1532&PID_02CD&MI_01\7&34657E4A&0&0001
HID\VID_1532&PID_02CD&MI_03\8&3992AB1&0&0000
RZVIRTUAL\VID_1532&PID_02CD&MI_00&COL03\8&FACDC2E&0&01
USB\VID_1532&PID_02CD&MI_02\7&34657E4A&0&0002
HID\VID_1532&PID_02CD&MI_02\8&27706873&0&0000
HID\VID_1532&PID_02CD&MI_01&COL05\8&FACDC2E&0&0004
HID\VID_1532&PID_02CD&MI_01&COL04\8&FACDC2E&0&0003
HID\VID_1532&PID_02CD&MI_01&COL03\8&FACDC2E&0&0002
HID\VID_1532&PID_02CD&MI_01&COL02\8&FACDC2E&0&0001
HID\VID_1532&PID_02CD&MI_01&COL01\8&FACDC2E&0&0000
USB\VID_1532&PID_02CD&MI_03\7&34657E4A&0&0003
HID\VID_1532&PID_02CD&MI_00\8&338419F0&0&0000
HID\VID_1532&PID_02CD&MI_00&COL03&COL01\9&1A4F6649&0&0000
RZCONTROL\VID_1532&PID_02CD&MI_00\9&BC3753C&0

[03:14:14] Razer USB devices changed:


[13:11:01] Razer USB devices changed:
HID\VID_1532&PID_02CD&MI_00&COL03&COL02\9&1A4F6649&0&0001
USB\VID_1532&PID_02CD&MI_00\7&34657E4A&0&0000
USB\VID_1532&PID_02CD\6&363B4CA8&0&6
USB\VID_1532&PID_02CD&MI_01\7&34657E4A&0&0001
HID\VID_1532&PID_02CD&MI_03\8&3992AB1&0&0000
RZVIRTUAL\VID_1532&PID_02CD&MI_00&COL03\8&FACDC2E&0&01
USB\VID_1532&PID_02CD&MI_02\7&34657E4A&0&0002
HID\VID_1532&PID_02CD&MI_02\8&27706873&0&0000
HID\VID_1532&PID_02CD&MI_01&COL05\8&FACDC2E&0&0004
HID\VID_1532&PID_02CD&MI_01&COL04\8&FACDC2E&0&0003
HID\VID_1532&PID_02CD&MI_01&COL03\8&FACDC2E&0&0002
HID\VID_1532&PID_02CD&MI_01&COL02\8&FACDC2E&0&0001
HID\VID_1532&PID_02CD&MI_01&COL01\8&FACDC2E&0&0000
USB\VID_1532&PID_02CD&MI_03\7&34657E4A&0&0003
HID\VID_1532&PID_02CD&MI_00\8&338419F0&0&0000
HID\VID_1532&PID_02CD&MI_00&COL03&COL01\9&1A4F6649&0&0000
RZCONTROL\VID_1532&PID_02CD&MI_00\9&BC3753C&0

[13:19:57] Razer USB devices changed:
HID\VID_1532&PID_02CD&MI_00&COL03&COL02\9&1A4F6649&0&0001
USB\VID_1532&PID_02CD&MI_00\7&34657E4A&0&0000
USB\VID_1532&PID_02CD\6&363B4CA8&0&6
USB\VID_1532&PID_02CD&MI_01\7&34657E4A&0&0001
HID\VID_1532&PID_02CD&MI_03\8&3992AB1&0&0000
RZVIRTUAL\VID_1532&PID_02CD&MI_00&COL03\8&FACDC2E&0&01
USB\VID_1532&PID_02CD&MI_02\7&34657E4A&0&0002
HID\VID_1532&PID_02CD&MI_02\8&27706873&0&0000

[13:19:59] Razer USB devices changed:


[13:26:58] Razer USB devices changed:
HID\VID_1532&PID_02CD&MI_00&COL03&COL02\9&1A4F6649&0&0001
USB\VID_1532&PID_02CD&MI_00\7&34657E4A&0&0000
USB\VID_1532&PID_02CD\6&363B4CA8&0&6
USB\VID_1532&PID_02CD&MI_01\7&34657E4A&0&0001
HID\VID_1532&PID_02CD&MI_03\8&3992AB1&0&0000
RZVIRTUAL\VID_1532&PID_02CD&MI_00&COL03\8&FACDC2E&0&01
USB\VID_1532&PID_02CD&MI_02\7&34657E4A&0&0002
HID\VID_1532&PID_02CD&MI_02\8&27706873&0&0000
HID\VID_1532&PID_02CD&MI_01&COL05\8&FACDC2E&0&0004
HID\VID_1532&PID_02CD&MI_01&COL04\8&FACDC2E&0&0003
HID\VID_1532&PID_02CD&MI_01&COL03\8&FACDC2E&0&0002
HID\VID_1532&PID_02CD&MI_01&COL02\8&FACDC2E&0&0001
HID\VID_1532&PID_02CD&MI_01&COL01\8&FACDC2E&0&0000
USB\VID_1532&PID_02CD&MI_03\7&34657E4A&0&0003
HID\VID_1532&PID_02CD&MI_00\8&338419F0&0&0000
HID\VID_1532&PID_02CD&MI_00&COL03&COL01\9&1A4F6649&0&0000
RZCONTROL\VID_1532&PID_02CD&MI_00\9&BC3753C&0

[13:27:32] Razer USB devices changed:


[13:34:51] Razer USB devices changed:
HID\VID_1532&PID_02CD&MI_00&COL03&COL02\9&1A4F6649&0&0001
USB\VID_1532&PID_02CD&MI_00\7&34657E4A&0&0000
USB\VID_1532&PID_02CD\6&363B4CA8&0&6
USB\VID_1532&PID_02CD&MI_01\7&34657E4A&0&0001
HID\VID_1532&PID_02CD&MI_03\8&3992AB1&0&0000
RZVIRTUAL\VID_1532&PID_02CD&MI_00&COL03\8&FACDC2E&0&01
USB\VID_1532&PID_02CD&MI_02\7&34657E4A&0&0002
HID\VID_1532&PID_02CD&MI_02\8&27706873&0&0000
HID\VID_1532&PID_02CD&MI_01&COL05\8&FACDC2E&0&0004
HID\VID_1532&PID_02CD&MI_01&COL04\8&FACDC2E&0&0003
HID\VID_1532&PID_02CD&MI_01&COL03\8&FACDC2E&0&0002
HID\VID_1532&PID_02CD&MI_01&COL02\8&FACDC2E&0&0001
HID\VID_1532&PID_02CD&MI_01&COL01\8&FACDC2E&0&0000
USB\VID_1532&PID_02CD&MI_03\7&34657E4A&0&0003
HID\VID_1532&PID_02CD&MI_00\8&338419F0&0&0000
HID\VID_1532&PID_02CD&MI_00&COL03&COL01\9&1A4F6649&0&0000
RZCONTROL\VID_1532&PID_02CD&MI_00\9&BC3753C&0

[13:38:38] Razer USB devices changed:


[13:47:53] Razer USB devices changed:
HID\VID_1532&PID_02CD&MI_00&COL03&COL02\9&1A4F6649&0&0001
USB\VID_1532&PID_02CD&MI_00\7&34657E4A&0&0000
USB\VID_1532&PID_02CD\6&363B4CA8&0&6
USB\VID_1532&PID_02CD&MI_01\7&34657E4A&0&0001
HID\VID_1532&PID_02CD&MI_03\8&3992AB1&0&0000
RZVIRTUAL\VID_1532&PID_02CD&MI_00&COL03\8&FACDC2E&0&01
USB\VID_1532&PID_02CD&MI_02\7&34657E4A&0&0002
HID\VID_1532&PID_02CD&MI_02\8&27706873&0&0000
HID\VID_1532&PID_02CD&MI_01&COL05\8&FACDC2E&0&0004
HID\VID_1532&PID_02CD&MI_01&COL04\8&FACDC2E&0&0003
HID\VID_1532&PID_02CD&MI_01&COL03\8&FACDC2E&0&0002
HID\VID_1532&PID_02CD&MI_01&COL02\8&FACDC2E&0&0001
HID\VID_1532&PID_02CD&MI_01&COL01\8&FACDC2E&0&0000
USB\VID_1532&PID_02CD&MI_03\7&34657E4A&0&0003
HID\VID_1532&PID_02CD&MI_00\8&338419F0&0&0000
HID\VID_1532&PID_02CD&MI_00&COL03&COL01\9&1A4F6649&0&0000
RZCONTROL\VID_1532&PID_02CD&MI_00\9&BC3753C&0

[15:59:05] Razer USB devices changed:


[16:14:44] Razer USB devices changed:
HID\VID_1532&PID_02CD&MI_00&COL03&COL02\9&1A4F6649&0&0001
USB\VID_1532&PID_02CD&MI_00\7&34657E4A&0&0000
USB\VID_1532&PID_02CD\6&363B4CA8&0&6
USB\VID_1532&PID_02CD&MI_01\7&34657E4A&0&0001
HID\VID_1532&PID_02CD&MI_03\8&3992AB1&0&0000
RZVIRTUAL\VID_1532&PID_02CD&MI_00&COL03\8&FACDC2E&0&01
USB\VID_1532&PID_02CD&MI_02\7&34657E4A&0&0002
HID\VID_1532&PID_02CD&MI_02\8&27706873&0&0000
HID\VID_1532&PID_02CD&MI_01&COL05\8&FACDC2E&0&0004
HID\VID_1532&PID_02CD&MI_01&COL04\8&FACDC2E&0&0003
HID\VID_1532&PID_02CD&MI_01&COL03\8&FACDC2E&0&0002
HID\VID_1532&PID_02CD&MI_01&COL02\8&FACDC2E&0&0001
HID\VID_1532&PID_02CD&MI_01&COL01\8&FACDC2E&0&0000
USB\VID_1532&PID_02CD&MI_03\7&34657E4A&0&0003
HID\VID_1532&PID_02CD&MI_00\8&338419F0&0&0000
HID\VID_1532&PID_02CD&MI_00&COL03&COL01\9&1A4F6649&0&0000
RZCONTROL\VID_1532&PID_02CD&MI_00\9&BC3753C&0

[16:15:43] Razer USB devices changed:


[16:35:41] Razer USB devices changed:
HID\VID_1532&PID_02CD&MI_00&COL03&COL02\9&1A4F6649&0&0001
USB\VID_1532&PID_02CD&MI_00\7&34657E4A&0&0000
USB\VID_1532&PID_02CD\6&363B4CA8&0&6
USB\VID_1532&PID_02CD&MI_01\7&34657E4A&0&0001
HID\VID_1532&PID_02CD&MI_03\8&3992AB1&0&0000
RZVIRTUAL\VID_1532&PID_02CD&MI_00&COL03\8&FACDC2E&0&01
USB\VID_1532&PID_02CD&MI_02\7&34657E4A&0&0002
HID\VID_1532&PID_02CD&MI_02\8&27706873&0&0000
HID\VID_1532&PID_02CD&MI_01&COL05\8&FACDC2E&0&0004
HID\VID_1532&PID_02CD&MI_01&COL04\8&FACDC2E&0&0003
HID\VID_1532&PID_02CD&MI_01&COL03\8&FACDC2E&0&0002
HID\VID_1532&PID_02CD&MI_01&COL02\8&FACDC2E&0&0001
HID\VID_1532&PID_02CD&MI_01&COL01\8&FACDC2E&0&0000
USB\VID_1532&PID_02CD&MI_03\7&34657E4A&0&0003
HID\VID_1532&PID_02CD&MI_00\8&338419F0&0&0000
HID\VID_1532&PID_02CD&MI_00&COL03&COL01\9&1A4F6649&0&0000
RZCONTROL\VID_1532&PID_02CD&MI_00\9&BC3753C&0

[18:43:26] Razer USB devices changed:


[18:47:43] Razer USB devices changed:
HID\VID_1532&PID_02CD&MI_00&COL03&COL02\9&1A4F6649&0&0001
USB\VID_1532&PID_02CD&MI_00\7&34657E4A&0&0000
USB\VID_1532&PID_02CD\6&363B4CA8&0&6
USB\VID_1532&PID_02CD&MI_01\7&34657E4A&0&0001
HID\VID_1532&PID_02CD&MI_03\8&3992AB1&0&0000
RZVIRTUAL\VID_1532&PID_02CD&MI_00&COL03\8&FACDC2E&0&01
USB\VID_1532&PID_02CD&MI_02\7&34657E4A&0&0002
HID\VID_1532&PID_02CD&MI_02\8&27706873&0&0000
HID\VID_1532&PID_02CD&MI_01&COL05\8&FACDC2E&0&0004
HID\VID_1532&PID_02CD&MI_01&COL04\8&FACDC2E&0&0003
HID\VID_1532&PID_02CD&MI_01&COL03\8&FACDC2E&0&0002
HID\VID_1532&PID_02CD&MI_01&COL02\8&FACDC2E&0&0001
HID\VID_1532&PID_02CD&MI_01&COL01\8&FACDC2E&0&0000
USB\VID_1532&PID_02CD&MI_03\7&34657E4A&0&0003
HID\VID_1532&PID_02CD&MI_00\8&338419F0&0&0000
HID\VID_1532&PID_02CD&MI_00&COL03&COL01\9&1A4F6649&0&0000
RZCONTROL\VID_1532&PID_02CD&MI_00\9&BC3753C&0

[18:48:33] Razer USB devices changed:


[20:56:37] Razer USB devices changed:
HID\VID_1532&PID_02CD&MI_00&COL03&COL02\9&1A4F6649&0&0001
USB\VID_1532&PID_02CD&MI_00\7&34657E4A&0&0000
USB\VID_1532&PID_02CD\6&363B4CA8&0&6
USB\VID_1532&PID_02CD&MI_01\7&34657E4A&0&0001
HID\VID_1532&PID_02CD&MI_03\8&3992AB1&0&0000
RZVIRTUAL\VID_1532&PID_02CD&MI_00&COL03\8&FACDC2E&0&01
USB\VID_1532&PID_02CD&MI_02\7&34657E4A&0&0002
HID\VID_1532&PID_02CD&MI_02\8&27706873&0&0000
HID\VID_1532&PID_02CD&MI_01&COL05\8&FACDC2E&0&0004
HID\VID_1532&PID_02CD&MI_01&COL04\8&FACDC2E&0&0003
HID\VID_1532&PID_02CD&MI_01&COL03\8&FACDC2E&0&0002
HID\VID_1532&PID_02CD&MI_01&COL02\8&FACDC2E&0&0001
HID\VID_1532&PID_02CD&MI_01&COL01\8&FACDC2E&0&0000
USB\VID_1532&PID_02CD&MI_03\7&34657E4A&0&0003
HID\VID_1532&PID_02CD&MI_00\8&338419F0&0&0000
HID\VID_1532&PID_02CD&MI_00&COL03&COL01\9&1A4F6649&0&0000
RZCONTROL\VID_1532&PID_02CD&MI_00\9&BC3753C&0

[22:29:24] Razer USB devices changed:


[22:36:55] Razer USB devices changed:
HID\VID_1532&PID_02CD&MI_00&COL03&COL02\9&1A4F6649&0&0001
USB\VID_1532&PID_02CD&MI_00\7&34657E4A&0&0000
USB\VID_1532&PID_02CD\6&363B4CA8&0&6
USB\VID_1532&PID_02CD&MI_01\7&34657E4A&0&0001
HID\VID_1532&PID_02CD&MI_03\8&3992AB1&0&0000
RZVIRTUAL\VID_1532&PID_02CD&MI_00&COL03\8&FACDC2E&0&01
USB\VID_1532&PID_02CD&MI_02\7&34657E4A&0&0002
HID\VID_1532&PID_02CD&MI_02\8&27706873&0&0000
HID\VID_1532&PID_02CD&MI_01&COL05\8&FACDC2E&0&0004
HID\VID_1532&PID_02CD&MI_01&COL04\8&FACDC2E&0&0003
HID\VID_1532&PID_02CD&MI_01&COL03\8&FACDC2E&0&0002
HID\VID_1532&PID_02CD&MI_01&COL02\8&FACDC2E&0&0001
HID\VID_1532&PID_02CD&MI_01&COL01\8&FACDC2E&0&0000
USB\VID_1532&PID_02CD&MI_03\7&34657E4A&0&0003
HID\VID_1532&PID_02CD&MI_00\8&338419F0&0&0000
HID\VID_1532&PID_02CD&MI_00&COL03&COL01\9&1A4F6649&0&0000
RZCONTROL\VID_1532&PID_02CD&MI_00\9&BC3753C&0

[22:41:02] Razer USB devices changed:
HID\VID_1532&PID_02CD&MI_00&COL03&COL02\9&1A4F6649&0&0001
USB\VID_1532&PID_02CD&MI_00\7&34657E4A&0&0000
USB\VID_1532&PID_02CD\6&363B4CA8&0&6
USB\VID_1532&PID_02CD&MI_01\7&34657E4A&0&0001
HID\VID_1532&PID_02CD&MI_03\8&3992AB1&0&0000
RZVIRTUAL\VID_1532&PID_02CD&MI_00&COL03\8&FACDC2E&0&01
USB\VID_1532&PID_02CD&MI_02\7&34657E4A&0&0002

[22:41:04] Razer USB devices changed:


[22:42:12] Razer USB devices changed:
HID\VID_1532&PID_02CD&MI_00&COL03&COL02\9&1A4F6649&0&0001
USB\VID_1532&PID_02CD&MI_00\7&34657E4A&0&0000
USB\VID_1532&PID_02CD\6&363B4CA8&0&6
USB\VID_1532&PID_02CD&MI_01\7&34657E4A&0&0001
HID\VID_1532&PID_02CD&MI_03\8&3992AB1&0&0000
RZVIRTUAL\VID_1532&PID_02CD&MI_00&COL03\8&FACDC2E&0&01
USB\VID_1532&PID_02CD&MI_02\7&34657E4A&0&0002
HID\VID_1532&PID_02CD&MI_02\8&27706873&0&0000
HID\VID_1532&PID_02CD&MI_01&COL05\8&FACDC2E&0&0004
HID\VID_1532&PID_02CD&MI_01&COL04\8&FACDC2E&0&0003
HID\VID_1532&PID_02CD&MI_01&COL03\8&FACDC2E&0&0002
HID\VID_1532&PID_02CD&MI_01&COL02\8&FACDC2E&0&0001
HID\VID_1532&PID_02CD&MI_01&COL01\8&FACDC2E&0&0000
USB\VID_1532&PID_02CD&MI_03\7&34657E4A&0&0003
HID\VID_1532&PID_02CD&MI_00\8&338419F0&0&0000
HID\VID_1532&PID_02CD&MI_00&COL03&COL01\9&1A4F6649&0&0000
RZCONTROL\VID_1532&PID_02CD&MI_00\9&BC3753C&0

[22:53:33] Razer USB devices changed:


[22:53:35] Razer USB devices changed:
USB\VID_1532&PID_02CD&MI_02\7&34657E4A&0&0002
HID\VID_1532&PID_02CD&MI_01&COL05\8&FACDC2E&0&0004
HID\VID_1532&PID_02CD&MI_01&COL04\8&FACDC2E&0&0003
HID\VID_1532&PID_02CD&MI_01&COL03\8&FACDC2E&0&0002
HID\VID_1532&PID_02CD&MI_01&COL02\8&FACDC2E&0&0001
HID\VID_1532&PID_02CD&MI_01&COL01\8&FACDC2E&0&0000
USB\VID_1532&PID_02CD&MI_03\7&34657E4A&0&0003
HID\VID_1532&PID_02CD&MI_00\8&338419F0&0&0000
HID\VID_1532&PID_02CD&MI_00&COL03&COL01\9&1A4F6649&0&0000
RZCONTROL\VID_1532&PID_02CD&MI_00\9&BC3753C&0

[22:53:37] Razer USB devices changed:
HID\VID_1532&PID_02CD&MI_00&COL03&COL02\9&1A4F6649&0&0001
USB\VID_1532&PID_02CD&MI_00\7&34657E4A&0&0000
USB\VID_1532&PID_02CD\6&363B4CA8&0&6
USB\VID_1532&PID_02CD&MI_01\7&34657E4A&0&0001
HID\VID_1532&PID_02CD&MI_03\8&3992AB1&0&0000
RZVIRTUAL\VID_1532&PID_02CD&MI_00&COL03\8&FACDC2E&0&01
USB\VID_1532&PID_02CD&MI_02\7&34657E4A&0&0002
HID\VID_1532&PID_02CD&MI_02\8&27706873&0&0000
HID\VID_1532&PID_02CD&MI_01&COL05\8&FACDC2E&0&0004
HID\VID_1532&PID_02CD&MI_01&COL04\8&FACDC2E&0&0003
HID\VID_1532&PID_02CD&MI_01&COL03\8&FACDC2E&0&0002
HID\VID_1532&PID_02CD&MI_01&COL02\8&FACDC2E&0&0001
HID\VID_1532&PID_02CD&MI_01&COL01\8&FACDC2E&0&0000
USB\VID_1532&PID_02CD&MI_03\7&34657E4A&0&0003
HID\VID_1532&PID_02CD&MI_00\8&338419F0&0&0000
HID\VID_1532&PID_02CD&MI_00&COL03&COL01\9&1A4F6649&0&0000
RZCONTROL\VID_1532&PID_02CD&MI_00\9&BC3753C&0

[22:55:03] Razer USB devices changed:


[22:55:10] Razer USB devices changed:
HID\VID_1532&PID_02CD&MI_00&COL03&COL02\9&1A4F6649&0&0001
USB\VID_1532&PID_02CD&MI_00\7&34657E4A&0&0000
USB\VID_1532&PID_02CD\6&363B4CA8&0&6
USB\VID_1532&PID_02CD&MI_01\7&34657E4A&0&0001
HID\VID_1532&PID_02CD&MI_03\8&3992AB1&0&0000
RZVIRTUAL\VID_1532&PID_02CD&MI_00&COL03\8&FACDC2E&0&01
USB\VID_1532&PID_02CD&MI_02\7&34657E4A&0&0002
HID\VID_1532&PID_02CD&MI_02\8&27706873&0&0000
HID\VID_1532&PID_02CD&MI_01&COL05\8&FACDC2E&0&0004
HID\VID_1532&PID_02CD&MI_01&COL04\8&FACDC2E&0&0003
HID\VID_1532&PID_02CD&MI_01&COL03\8&FACDC2E&0&0002
HID\VID_1532&PID_02CD&MI_01&COL02\8&FACDC2E&0&0001
HID\VID_1532&PID_02CD&MI_01&COL01\8&FACDC2E&0&0000
USB\VID_1532&PID_02CD&MI_03\7&34657E4A&0&0003
HID\VID_1532&PID_02CD&MI_00\8&338419F0&0&0000
HID\VID_1532&PID_02CD&MI_00&COL03&COL01\9&1A4F6649&0&0000
RZCONTROL\VID_1532&PID_02CD&MI_00\9&BC3753C&0

[22:55:23] Razer USB devices changed:


[00:03:55] Razer USB devices changed:
HID\VID_1532&PID_02CD&MI_00&COL03&COL02\9&1A4F6649&0&0001
USB\VID_1532&PID_02CD&MI_00\7&34657E4A&0&0000
USB\VID_1532&PID_02CD\6&363B4CA8&0&6
USB\VID_1532&PID_02CD&MI_01\7&34657E4A&0&0001
HID\VID_1532&PID_02CD&MI_03\8&3992AB1&0&0000
RZVIRTUAL\VID_1532&PID_02CD&MI_00&COL03\8&FACDC2E&0&01
USB\VID_1532&PID_02CD&MI_02\7&34657E4A&0&0002
HID\VID_1532&PID_02CD&MI_02\8&27706873&0&0000
HID\VID_1532&PID_02CD&MI_01&COL05\8&FACDC2E&0&0004
HID\VID_1532&PID_02CD&MI_01&COL04\8&FACDC2E&0&0003
HID\VID_1532&PID_02CD&MI_01&COL03\8&FACDC2E&0&0002
HID\VID_1532&PID_02CD&MI_01&COL02\8&FACDC2E&0&0001
HID\VID_1532&PID_02CD&MI_01&COL01\8&FACDC2E&0&0000
USB\VID_1532&PID_02CD&MI_03\7&34657E4A&0&0003
HID\VID_1532&PID_02CD&MI_00\8&338419F0&0&0000
HID\VID_1532&PID_02CD&MI_00&COL03&COL01\9&1A4F6649&0&0000
RZCONTROL\VID_1532&PID_02CD&MI_00\9&BC3753C&0

[00:09:38] Razer USB devices changed:


